2024-06-13 01:01:55,470 - INFO - HTTP Request: GET https://www.okx.com/api/v5/market/candles?instId=DOGE-USDT&bar=1m&limit=300 "HTTP/2 200 OK"
2024-06-13 01:01:56,152 - INFO - HTTP Request: GET https://www.okx.com/api/v5/market/candles?instId=DOGE-USDT&after=1718193720000&bar=1m&limit=300 "HTTP/2 200 OK"
2024-06-13 01:01:59,285 - INFO - HTTP Request: GET https://www.okx.com/api/v5/market/candles?instId=DOGE-USDT&after=1718175720000&bar=1m&limit=300 "HTTP/2 200 OK"
2024-06-13 01:02:00,371 - INFO - HTTP Request: GET https://www.okx.com/api/v5/market/candles?instId=DOGE-USDT&after=1718157720000&bar=1m&limit=300 "HTTP/2 200 OK"
2024-06-13 01:02:00,946 - INFO - HTTP Request: GET https://www.okx.com/api/v5/market/candles?instId=DOGE-USDT&after=1718139720000&bar=1m&limit=300 "HTTP/2 200 OK"
2024-06-13 01:02:01,527 - INFO - HTTP Request: GET https://www.okx.com/api/v5/market/candles?instId=DOGE-USDT&after=1718125380000&bar=1m&limit=300 "HTTP/2 200 OK"
2024-06-13 01:02:13,798 - INFO - HTTP Request: GET https://www.okx.com/api/v5/public/instruments?instType=SPOT&instId=DOGE-USDT "HTTP/2 200 OK"
2024-06-13 01:02:15,220 - INFO - HTTP Request: GET https://www.okx.com/api/v5/account/max-avail-size?instId=DOGE-USDT&tdMode=cash "HTTP/2 200 OK"
2024-06-13 01:02:15,874 - INFO - HTTP Request: GET https://www.okx.com/api/v5/account/max-avail-size?instId=DOGE-USDT&tdMode=cash "HTTP/2 200 OK"
2024-06-13 01:02:16,921 - INFO - HTTP Request: POST https://www.okx.com/api/v5/trade/order "HTTP/2 200 OK"
2024-06-13 01:02:18,151 - INFO - HTTP Request: GET https://www.okx.com/api/v5/market/candles?instId=DOGE-USDT&bar=1m&limit=300 "HTTP/2 200 OK"
2024-06-13 01:02:18,585 - INFO - HTTP Request: GET https://www.okx.com/api/v5/market/candles?instId=DOGE-USDT&after=1718193780000&bar=1m&limit=300 "HTTP/2 200 OK"
2024-06-13 01:02:19,050 - INFO - HTTP Request: GET https://www.okx.com/api/v5/market/candles?instId=DOGE-USDT&after=1718175780000&bar=1m&limit=300 "HTTP/2 200 OK"
2024-06-13 01:02:19,518 - INFO - HTTP Request: GET https://www.okx.com/api/v5/market/candles?instId=DOGE-USDT&after=1718157780000&bar=1m&limit=300 "HTTP/2 200 OK"
2024-06-13 01:02:19,984 - INFO - HTTP Request: GET https://www.okx.com/api/v5/market/candles?instId=DOGE-USDT&after=1718139780000&bar=1m&limit=300 "HTTP/2 200 OK"
2024-06-13 01:02:21,406 - INFO - HTTP Request: GET https://www.okx.com/api/v5/public/instruments?instType=SPOT&instId=DOGE-USDT "HTTP/2 200 OK"
2024-06-13 01:02:22,418 - INFO - HTTP Request: GET https://www.okx.com/api/v5/account/max-avail-size?instId=DOGE-USDT&tdMode=cash "HTTP/2 200 OK"
2024-06-13 01:02:22,795 - INFO - HTTP Request: GET https://www.okx.com/api/v5/account/max-avail-size?instId=DOGE-USDT&tdMode=cash "HTTP/2 200 OK"
2024-06-13 01:02:28,717 - INFO - HTTP Request: GET https://www.okx.com/api/v5/market/candles?instId=DOGE-USDT&bar=1m&limit=300 "HTTP/2 200 OK"
2024-06-13 01:02:29,327 - INFO - HTTP Request: GET https://www.okx.com/api/v5/market/candles?instId=DOGE-USDT&after=1718193780000&bar=1m&limit=300 "HTTP/2 200 OK"
2024-06-13 01:02:29,945 - INFO - HTTP Request: GET https://www.okx.com/api/v5/market/candles?instId=DOGE-USDT&after=1718175780000&bar=1m&limit=300 "HTTP/2 200 OK"
2024-06-13 01:02:30,468 - INFO - HTTP Request: GET https://www.okx.com/api/v5/market/candles?instId=DOGE-USDT&after=1718157780000&bar=1m&limit=300 "HTTP/2 200 OK"
2024-06-13 01:02:30,884 - INFO - HTTP Request: GET https://www.okx.com/api/v5/market/candles?instId=DOGE-USDT&after=1718139780000&bar=1m&limit=300 "HTTP/2 200 OK"
2024-06-13 01:02:31,761 - INFO - HTTP Request: GET https://www.okx.com/api/v5/public/instruments?instType=SPOT&instId=DOGE-USDT "HTTP/2 200 OK"
2024-06-13 01:02:32,700 - INFO - HTTP Request: GET https://www.okx.com/api/v5/account/max-avail-size?instId=DOGE-USDT&tdMode=cash "HTTP/2 200 OK"
2024-06-13 01:02:33,051 - INFO - HTTP Request: GET https://www.okx.com/api/v5/account/max-avail-size?instId=DOGE-USDT&tdMode=cash "HTTP/2 200 OK"
2024-06-13 01:02:39,685 - INFO - HTTP Request: GET https://www.okx.com/api/v5/market/candles?instId=DOGE-USDT&bar=1m&limit=300 "HTTP/2 200 OK"
2024-06-13 01:02:40,449 - INFO - HTTP Request: GET https://www.okx.com/api/v5/market/candles?instId=DOGE-USDT&after=1718193780000&bar=1m&limit=300 "HTTP/2 200 OK"
2024-06-13 01:02:41,070 - INFO - HTTP Request: GET https://www.okx.com/api/v5/market/candles?instId=DOGE-USDT&after=1718175780000&bar=1m&limit=300 "HTTP/2 200 OK"
2024-06-13 01:02:41,550 - INFO - HTTP Request: GET https://www.okx.com/api/v5/market/candles?instId=DOGE-USDT&after=1718157780000&bar=1m&limit=300 "HTTP/2 200 OK"
2024-06-13 01:02:41,942 - INFO - HTTP Request: GET https://www.okx.com/api/v5/market/candles?instId=DOGE-USDT&after=1718139780000&bar=1m&limit=300 "HTTP/2 200 OK"
2024-06-13 01:02:44,133 - INFO - HTTP Request: GET https://www.okx.com/api/v5/public/instruments?instType=SPOT&instId=DOGE-USDT "HTTP/2 200 OK"
2024-06-13 01:02:45,982 - INFO - HTTP Request: GET https://www.okx.com/api/v5/account/max-avail-size?instId=DOGE-USDT&tdMode=cash "HTTP/2 200 OK"
2024-06-13 01:02:46,445 - INFO - HTTP Request: GET https://www.okx.com/api/v5/account/max-avail-size?instId=DOGE-USDT&tdMode=cash "HTTP/2 200 OK"
2024-06-13 01:02:52,761 - INFO - HTTP Request: GET https://www.okx.com/api/v5/market/candles?instId=DOGE-USDT&bar=1m&limit=300 "HTTP/2 200 OK"
2024-06-13 01:02:53,818 - INFO - HTTP Request: GET https://www.okx.com/api/v5/market/candles?instId=DOGE-USDT&after=1718193780000&bar=1m&limit=300 "HTTP/2 200 OK"
2024-06-13 01:02:54,559 - INFO - HTTP Request: GET https://www.okx.com/api/v5/market/candles?instId=DOGE-USDT&after=1718175780000&bar=1m&limit=300 "HTTP/2 200 OK"
2024-06-13 01:02:55,259 - INFO - HTTP Request: GET https://www.okx.com/api/v5/market/candles?instId=DOGE-USDT&after=1718157780000&bar=1m&limit=300 "HTTP/2 200 OK"
2024-06-13 01:02:55,846 - INFO - HTTP Request: GET https://www.okx.com/api/v5/market/candles?instId=DOGE-USDT&after=1718139780000&bar=1m&limit=300 "HTTP/2 200 OK"
2024-06-13 01:02:57,496 - INFO - HTTP Request: GET https://www.okx.com/api/v5/public/instruments?instType=SPOT&instId=DOGE-USDT "HTTP/2 200 OK"
2024-06-13 01:02:58,822 - INFO - HTTP Request: GET https://www.okx.com/api/v5/account/max-avail-size?instId=DOGE-USDT&tdMode=cash "HTTP/2 200 OK"
2024-06-13 01:02:59,354 - INFO - HTTP Request: GET https://www.okx.com/api/v5/account/max-avail-size?instId=DOGE-USDT&tdMode=cash "HTTP/2 200 OK"
2024-06-13 01:03:06,062 - INFO - HTTP Request: GET https://www.okx.com/api/v5/market/candles?instId=DOGE-USDT&bar=1m&limit=300 "HTTP/2 200 OK"
2024-06-13 01:03:07,463 - INFO - HTTP Request: GET https://www.okx.com/api/v5/market/candles?instId=DOGE-USDT&after=1718193780000&bar=1m&limit=300 "HTTP/2 200 OK"
2024-06-13 01:03:08,576 - INFO - HTTP Request: GET https://www.okx.com/api/v5/market/candles?instId=DOGE-USDT&after=1718175780000&bar=1m&limit=300 "HTTP/2 200 OK"
2024-06-13 01:03:09,462 - INFO - HTTP Request: GET https://www.okx.com/api/v5/market/candles?instId=DOGE-USDT&after=1718157780000&bar=1m&limit=300 "HTTP/2 200 OK"
2024-06-13 01:03:10,038 - INFO - HTTP Request: GET https://www.okx.com/api/v5/market/candles?instId=DOGE-USDT&after=1718139780000&bar=1m&limit=300 "HTTP/2 200 OK"
2024-06-13 01:03:10,865 - INFO - HTTP Request: GET https://www.okx.com/api/v5/market/candles?instId=DOGE-USDT&after=1718125440000&bar=1m&limit=300 "HTTP/2 200 OK"
2024-06-13 01:03:11,948 - INFO - HTTP Request: GET https://www.okx.com/api/v5/public/instruments?instType=SPOT&instId=DOGE-USDT "HTTP/2 200 OK"
2024-06-13 01:03:13,318 - INFO - HTTP Request: GET https://www.okx.com/api/v5/account/max-avail-size?instId=DOGE-USDT&tdMode=cash "HTTP/2 200 OK"
2024-06-13 01:03:13,697 - INFO - HTTP Request: GET https://www.okx.com/api/v5/account/max-avail-size?instId=DOGE-USDT&tdMode=cash "HTTP/2 200 OK"
2024-06-13 01:03:20,387 - INFO - HTTP Request: GET https://www.okx.com/api/v5/market/candles?instId=DOGE-USDT&bar=1m&limit=300 "HTTP/2 200 OK"
2024-06-13 01:03:20,923 - INFO - HTTP Request: GET https://www.okx.com/api/v5/market/candles?instId=DOGE-USDT&after=1718193840000&bar=1m&limit=300 "HTTP/2 200 OK"
2024-06-13 01:03:21,365 - INFO - HTTP Request: GET https://www.okx.com/api/v5/market/candles?instId=DOGE-USDT&after=1718175840000&bar=1m&limit=300 "HTTP/2 200 OK"
2024-06-13 01:03:21,818 - INFO - HTTP Request: GET https://www.okx.com/api/v5/market/candles?instId=DOGE-USDT&after=1718157840000&bar=1m&limit=300 "HTTP/2 200 OK"
2024-06-13 01:03:22,259 - INFO - HTTP Request: GET https://www.okx.com/api/v5/market/candles?instId=DOGE-USDT&after=1718139840000&bar=1m&limit=300 "HTTP/2 200 OK"
2024-06-13 01:03:23,849 - INFO - HTTP Request: GET https://www.okx.com/api/v5/public/instruments?instType=SPOT&instId=DOGE-USDT "HTTP/2 200 OK"
2024-06-13 01:03:25,607 - INFO - HTTP Request: GET https://www.okx.com/api/v5/account/max-avail-size?instId=DOGE-USDT&tdMode=cash "HTTP/2 200 OK"
2024-06-13 01:03:27,158 - INFO - HTTP Request: GET https://www.okx.com/api/v5/account/max-avail-size?instId=DOGE-USDT&tdMode=cash "HTTP/2 200 OK"
2024-06-13 01:03:33,526 - INFO - HTTP Request: GET https://www.okx.com/api/v5/market/candles?instId=DOGE-USDT&bar=1m&limit=300 "HTTP/2 200 OK"
2024-06-13 01:03:34,516 - INFO - HTTP Request: GET https://www.okx.com/api/v5/market/candles?instId=DOGE-USDT&after=1718193840000&bar=1m&limit=300 "HTTP/2 200 OK"
2024-06-13 01:03:35,043 - INFO - HTTP Request: GET https://www.okx.com/api/v5/market/candles?instId=DOGE-USDT&after=1718175840000&bar=1m&limit=300 "HTTP/2 200 OK"
2024-06-13 01:03:35,685 - INFO - HTTP Request: GET https://www.okx.com/api/v5/market/candles?instId=DOGE-USDT&after=1718157840000&bar=1m&limit=300 "HTTP/2 200 OK"
2024-06-13 01:03:36,245 - INFO - HTTP Request: GET https://www.okx.com/api/v5/market/candles?instId=DOGE-USDT&after=1718139840000&bar=1m&limit=300 "HTTP/2 200 OK"
2024-06-13 01:03:38,314 - INFO - HTTP Request: GET https://www.okx.com/api/v5/public/instruments?instType=SPOT&instId=DOGE-USDT "HTTP/2 200 OK"
2024-06-13 01:03:40,242 - INFO - HTTP Request: GET https://www.okx.com/api/v5/account/max-avail-size?instId=DOGE-USDT&tdMode=cash "HTTP/2 200 OK"
2024-06-13 01:03:40,966 - INFO - HTTP Request: GET https://www.okx.com/api/v5/account/max-avail-size?instId=DOGE-USDT&tdMode=cash "HTTP/2 200 OK"
2024-06-13 01:03:48,340 - INFO - HTTP Request: GET https://www.okx.com/api/v5/market/candles?instId=DOGE-USDT&bar=1m&limit=300 "HTTP/2 200 OK"
2024-06-13 01:03:49,647 - INFO - HTTP Request: GET https://www.okx.com/api/v5/market/candles?instId=DOGE-USDT&after=1718193840000&bar=1m&limit=300 "HTTP/2 200 OK"
2024-06-13 01:03:50,562 - INFO - HTTP Request: GET https://www.okx.com/api/v5/market/candles?instId=DOGE-USDT&after=1718175840000&bar=1m&limit=300 "HTTP/2 200 OK"
2024-06-13 01:03:51,682 - INFO - HTTP Request: GET https://www.okx.com/api/v5/market/candles?instId=DOGE-USDT&after=1718157840000&bar=1m&limit=300 "HTTP/2 200 OK"
2024-06-13 01:03:52,453 - INFO - HTTP Request: GET https://www.okx.com/api/v5/market/candles?instId=DOGE-USDT&after=1718139840000&bar=1m&limit=300 "HTTP/2 200 OK"
2024-06-13 01:03:53,862 - INFO - HTTP Request: GET https://www.okx.com/api/v5/public/instruments?instType=SPOT&instId=DOGE-USDT "HTTP/2 200 OK"
2024-06-13 01:03:55,412 - INFO - HTTP Request: GET https://www.okx.com/api/v5/account/max-avail-size?instId=DOGE-USDT&tdMode=cash "HTTP/2 200 OK"
2024-06-13 01:03:56,028 - INFO - HTTP Request: GET https://www.okx.com/api/v5/account/max-avail-size?instId=DOGE-USDT&tdMode=cash "HTTP/2 200 OK"
2024-06-13 01:04:01,938 - INFO - HTTP Request: GET https://www.okx.com/api/v5/market/candles?instId=DOGE-USDT&bar=1m&limit=300 "HTTP/2 200 OK"
2024-06-13 01:04:02,525 - INFO - HTTP Request: GET https://www.okx.com/api/v5/market/candles?instId=DOGE-USDT&after=1718193900000&bar=1m&limit=300 "HTTP/2 200 OK"
2024-06-13 01:04:03,017 - INFO - HTTP Request: GET https://www.okx.com/api/v5/market/candles?instId=DOGE-USDT&after=1718175900000&bar=1m&limit=300 "HTTP/2 200 OK"
2024-06-13 01:04:03,451 - INFO - HTTP Request: GET https://www.okx.com/api/v5/market/candles?instId=DOGE-USDT&after=1718157900000&bar=1m&limit=300 "HTTP/2 200 OK"
2024-06-13 01:04:03,898 - INFO - HTTP Request: GET https://www.okx.com/api/v5/market/candles?instId=DOGE-USDT&after=1718139900000&bar=1m&limit=300 "HTTP/2 200 OK"
2024-06-13 01:04:05,444 - INFO - HTTP Request: GET https://www.okx.com/api/v5/public/instruments?instType=SPOT&instId=DOGE-USDT "HTTP/2 200 OK"
2024-06-13 01:04:06,556 - INFO - HTTP Request: GET https://www.okx.com/api/v5/account/max-avail-size?instId=DOGE-USDT&tdMode=cash "HTTP/2 200 OK"
2024-06-13 01:04:07,216 - INFO - HTTP Request: GET https://www.okx.com/api/v5/account/max-avail-size?instId=DOGE-USDT&tdMode=cash "HTTP/2 200 OK"
2024-06-13 01:04:13,548 - INFO - HTTP Request: GET https://www.okx.com/api/v5/market/candles?instId=DOGE-USDT&bar=1m&limit=300 "HTTP/2 200 OK"
2024-06-13 01:04:13,997 - INFO - HTTP Request: GET https://www.okx.com/api/v5/market/candles?instId=DOGE-USDT&after=1718193900000&bar=1m&limit=300 "HTTP/2 200 OK"
2024-06-13 01:04:14,371 - INFO - HTTP Request: GET https://www.okx.com/api/v5/market/candles?instId=DOGE-USDT&after=1718175900000&bar=1m&limit=300 "HTTP/2 200 OK"
2024-06-13 01:04:14,780 - INFO - HTTP Request: GET https://www.okx.com/api/v5/market/candles?instId=DOGE-USDT&after=1718157900000&bar=1m&limit=300 "HTTP/2 200 OK"
2024-06-13 01:04:15,180 - INFO - HTTP Request: GET https://www.okx.com/api/v5/market/candles?instId=DOGE-USDT&after=1718139900000&bar=1m&limit=300 "HTTP/2 200 OK"
2024-06-13 01:04:16,802 - INFO - HTTP Request: GET https://www.okx.com/api/v5/public/instruments?instType=SPOT&instId=DOGE-USDT "HTTP/2 200 OK"
